<?xml version="1.0" encoding="UTF-8"?>
<!-- Generated by org.testng.reporters.JUnitReportReporter -->
<testsuite hostname="QT-INNO-LT1439" failures="0" tests="8" name="com.qt.qualithon.test.MovieSearchTest" time="40.870" errors="0" timestamp="2022-03-25T12:25:30 IST" skipped="6">
  <testcase classname="com.qt.qualithon.test.MovieSearchTest" name="testMovieMetadataOnWebHasCorrectMaturityRating" time="19.472"/>
  <system-out/>
  <testcase classname="com.qt.qualithon.test.MovieSearchTest" name="testMovieMetadataOnWebHasCorrectMaturityRating" time="21.398"/>
  <system-out/>
  <testcase classname="com.qt.qualithon.test.MovieSearchTest" name="testSearchByExactMovieTitleReturnsMovieAsFirstResult">
    <skipped/>
  </testcase> <!-- testSearchByExactMovieTitleReturnsMovieAsFirstResult -->
  <system-out/>
  <testcase classname="com.qt.qualithon.test.MovieSearchTest" name="testMovieMetadataOnWebHasCorrectDirectorName">
    <skipped/>
  </testcase> <!-- testMovieMetadataOnWebHasCorrectDirectorName -->
  <system-out/>
  <testcase classname="com.qt.qualithon.test.MovieSearchTest" name="testMovieMetadataOnWebHasCorrectGenres">
    <skipped/>
  </testcase> <!-- testMovieMetadataOnWebHasCorrectGenres -->
  <system-out/>
  <testcase classname="com.qt.qualithon.test.MovieSearchTest" name="testMovieMetadataOnWebHasCorrectReleaseYear">
    <skipped/>
  </testcase> <!-- testMovieMetadataOnWebHasCorrectReleaseYear -->
  <system-out/>
  <testcase classname="com.qt.qualithon.test.MovieSearchTest" name="testMovieMetadataOnWebHasCorrectWriters">
    <skipped/>
  </testcase> <!-- testMovieMetadataOnWebHasCorrectWriters -->
  <system-out/>
  <testcase classname="com.qt.qualithon.test.MovieSearchTest" name="testMovieMetadataOnWebHasCorrectMovieRatingScore">
    <skipped/>
  </testcase> <!-- testMovieMetadataOnWebHasCorrectMovieRatingScore -->
  <system-out/>
</testsuite> <!-- com.qt.qualithon.test.MovieSearchTest -->
